<?xml version="1.0" encoding="UTF-8"?>
<!-- Generated by org.testng.reporters.JUnitXMLReporter -->
<testsuite hostname="VWBXINGLIOA1" name="Default test" tests="10" failures="0" timestamp="13 Nov 2019 10:02:01 GMT" time="7.721" errors="0">
  <testcase name="test_case" time="2.026" classname="com.portal.base.testCase.All_Test_Case"/>
  <testcase name="test_case" time="0.175" classname="com.portal.base.testCase.All_Test_Case"/>
  <testcase name="test_case" time="0.161" classname="com.portal.base.testCase.All_Test_Case"/>
  <testcase name="test_case" time="0.396" classname="com.portal.base.testCase.All_Test_Case"/>
  <testcase name="test_case" time="0.178" classname="com.portal.base.testCase.All_Test_Case"/>
  <testcase name="test_case" time="0.038" classname="com.portal.base.testCase.All_Test_Case"/>
  <testcase name="test_case" time="0.035" classname="com.portal.base.testCase.All_Test_Case"/>
  <testcase name="test_case" time="1.248" classname="com.portal.base.testCase.All_Test_Case"/>
  <testcase name="test_case" time="2.126" classname="com.portal.base.testCase.All_Test_Case"/>
  <testcase name="test_case" time="0.093" classname="com.portal.base.testCase.All_Test_Case"/>
</testsuite> <!-- Default test -->
