<?xml version="1.0" encoding="UTF-8"?>
<!-- Generated by org.testng.reporters.JUnitXMLReporter -->
<testsuite hostname="VWBXINGLIOA1" name="all-test" tests="10" failures="0" timestamp="14 Nov 2019 01:47:04 GMT" time="8.5" errors="0">
  <testcase name="test_case" time="2.393" classname="com.portal.base.testCase.All_Test_Case"/>
  <testcase name="test_case" time="0.187" classname="com.portal.base.testCase.All_Test_Case"/>
  <testcase name="test_case" time="0.181" classname="com.portal.base.testCase.All_Test_Case"/>
  <testcase name="test_case" time="0.181" classname="com.portal.base.testCase.All_Test_Case"/>
  <testcase name="test_case" time="0.182" classname="com.portal.base.testCase.All_Test_Case"/>
  <testcase name="test_case" time="0.032" classname="com.portal.base.testCase.All_Test_Case"/>
  <testcase name="test_case" time="0.027" classname="com.portal.base.testCase.All_Test_Case"/>
  <testcase name="test_case" time="1.265" classname="com.portal.base.testCase.All_Test_Case"/>
  <testcase name="test_case" time="2.451" classname="com.portal.base.testCase.All_Test_Case"/>
  <testcase name="test_case" time="0.105" classname="com.portal.base.testCase.All_Test_Case"/>
</testsuite> <!-- all-test -->
