<?xml version="1.0" encoding="UTF-8"?>
<testng-results skipped="0" failed="0" total="10" passed="10">
  <reporter-output>
  </reporter-output>
  <suite name="Suite" duration-ms="8500" started-at="2019-11-14T01:46:56Z" finished-at="2019-11-14T01:47:04Z">
    <groups>
    </groups>
    <test name="all-test" duration-ms="8500" started-at="2019-11-14T01:46:56Z" finished-at="2019-11-14T01:47:04Z">
      <class name="com.portal.base.testCase.All_Test_Case">
        <test-method status="PASS" signature="beforeSuite()[pri:0, instance:com.portal.base.testCase.All_Test_Case@ba8d91c]" name="beforeSuite" is-config="true" duration-ms="34" started-at="2019-11-14T09:46:56Z" finished-at="2019-11-14T09:46:56Z">
          <reporter-output>
          </reporter-output>
        </test-method> <!-- beforeSuite -->
        <test-method status="PASS" signature="test_case(com.portal.base.pojo.ApiCaseDetail)[pri:0, instance:com.portal.base.testCase.All_Test_Case@ba8d91c]" name="test_case" duration-ms="2393" started-at="2019-11-14T09:46:57Z" data-provider="getData" finished-at="2019-11-14T09:46:59Z">
          <params>
            <param index="0">
              <value>
                <![CDATA[ApiCaseDetail [caseId=M1查ECIF, apiId=M1查询客户个人信息接口,describe=(需要添加测试数据：进线号码)
此处添加测试号码 
APP_TYPE（0：ecifNo，1：qq openid，2：微信openId 3：手机号，4：身份证号）
提取101156卡号：${card101156}
提取：${id}
取产品：$.result.personInfo.personalProducts[?(@.productCode = 101156)]].productAcct, requestData={"OPEN_ID":13340775174,"PRODUCT":"ALL","APP_TYPE":3,"REQ_DS":0}, actualResp=【实际结果回写到文件E://api.xslx】, expectedRespKeyInfo=[{"jsonPath":"$.code","expected":"0"},
{"jsonPath":"$.msg","expected":"请求成功"}], extractRespData=[{"jsonPath":"$.result.personInfo.personalProducts[0].productAcct","paramName":"CARD_LCZ"}], apiInfo=ApiInfo [apiId=M1查询客户个人信息接口, apiName=M1查询客户个人信息接口, url=http://m1.test-adm.weoa.com/rcs-ucsa/business/getAccount, type=GET, headers=[{"name":"Content-Type","value":"application/json;charset=UTF-8"}], auth=null], beforeCheckerList=null, afterCheckerList=null, getRowNo()=2]]]>
              </value>
            </param>
          </params>
          <reporter-output>
          </reporter-output>
        </test-method> <!-- test_case -->
        <test-method status="PASS" signature="test_case(com.portal.base.pojo.ApiCaseDetail)[pri:0, instance:com.portal.base.testCase.All_Test_Case@ba8d91c]" name="test_case" duration-ms="187" started-at="2019-11-14T09:46:59Z" data-provider="getData" finished-at="2019-11-14T09:47:00Z">
          <params>
            <param index="0">
              <value>
                <![CDATA[ApiCaseDetail [caseId=理财子查询1, apiId=理财子查询,describe=1M1环境查询查询地址、已经获取卡号
2、正常获取值, requestData={"CARD_NUMBER":6236330053990085213,"CUST_ACCOUNT_TYPE": 101156}, actualResp=, expectedRespKeyInfo=[{"jsonPath":"$.code","expected":"0"},
{"jsonPath":"$.msg","expected":"请求成功"},
{"jsonPath":"$.result.accountInfo.CUST_ACCOUNT_TYPE","expected":"101156"}], extractRespData=, apiInfo=ApiInfo [apiId=理财子查询, apiName=理财子查询, url=http://m1.test-adm.weoa.com/rcs-ucsa/business/getAccountFromDepositCore, type=GET, headers=[{"name":"Content-Type","value":"application/json;charset=UTF-8"}], auth=null], beforeCheckerList=null, afterCheckerList=null, getRowNo()=3]]]>
              </value>
            </param>
          </params>
          <reporter-output>
          </reporter-output>
        </test-method> <!-- test_case -->
        <test-method status="PASS" signature="test_case(com.portal.base.pojo.ApiCaseDetail)[pri:0, instance:com.portal.base.testCase.All_Test_Case@ba8d91c]" name="test_case" duration-ms="181" started-at="2019-11-14T09:47:00Z" data-provider="getData" finished-at="2019-11-14T09:47:00Z">
          <params>
            <param index="0">
              <value>
                <![CDATA[ApiCaseDetail [caseId=理财子查询2, apiId=理财子查询,describe=1M1环境查询查询地址、已经获取卡号
2、正常获取值, requestData={"CARD_NUMBER":6236330053990085213,"CUST_ACCOUNT_TYPE": 101156}, actualResp=, expectedRespKeyInfo=[{"jsonPath":"$.code","expected":"0"},
{"jsonPath":"$.msg","expected":"请求成功"},
{"jsonPath":"$.result.custStatusSet[1]","expected":"信息不全"}], extractRespData=, apiInfo=ApiInfo [apiId=理财子查询, apiName=理财子查询, url=http://m1.test-adm.weoa.com/rcs-ucsa/business/getAccountFromDepositCore, type=GET, headers=[{"name":"Content-Type","value":"application/json;charset=UTF-8"}], auth=null], beforeCheckerList=null, afterCheckerList=null, getRowNo()=4]]]>
              </value>
            </param>
          </params>
          <reporter-output>
          </reporter-output>
        </test-method> <!-- test_case -->
        <test-method status="PASS" signature="test_case(com.portal.base.pojo.ApiCaseDetail)[pri:0, instance:com.portal.base.testCase.All_Test_Case@ba8d91c]" name="test_case" duration-ms="181" started-at="2019-11-14T09:47:00Z" data-provider="getData" finished-at="2019-11-14T09:47:00Z">
          <params>
            <param index="0">
              <value>
                <![CDATA[ApiCaseDetail [caseId=理财子查询3, apiId=理财子查询,describe=1M1环境查询查询地址、已经获取卡号
2、正常获取值, requestData={"CARD_NUMBER":6236330053990085213,"CUST_ACCOUNT_TYPE": 101156}, actualResp=, expectedRespKeyInfo=[{"jsonPath":"$.code","expected":"0"},
{"jsonPath":"$.msg","expected":"请求成功"},
{"jsonPath":"$.result.cardStatusSet[0]","expected":"无身份证照片"}], extractRespData=, apiInfo=ApiInfo [apiId=理财子查询, apiName=理财子查询, url=http://m1.test-adm.weoa.com/rcs-ucsa/business/getAccountFromDepositCore, type=GET, headers=[{"name":"Content-Type","value":"application/json;charset=UTF-8"}], auth=null], beforeCheckerList=null, afterCheckerList=null, getRowNo()=5]]]>
              </value>
            </param>
          </params>
          <reporter-output>
          </reporter-output>
        </test-method> <!-- test_case -->
        <test-method status="PASS" signature="test_case(com.portal.base.pojo.ApiCaseDetail)[pri:0, instance:com.portal.base.testCase.All_Test_Case@ba8d91c]" name="test_case" duration-ms="182" started-at="2019-11-14T09:47:00Z" data-provider="getData" finished-at="2019-11-14T09:47:00Z">
          <params>
            <param index="0">
              <value>
                <![CDATA[ApiCaseDetail [caseId=理财子查询4, apiId=理财子查询,describe=1M1环境查询查询地址、已经获取卡号
2、正常获取值, requestData={"CARD_NUMBER":6236330053990085213,"CUST_ACCOUNT_TYPE": 101156}, actualResp=, expectedRespKeyInfo=[{"jsonPath":"$.code","expected":"0"},
{"jsonPath":"$.msg","expected":"请求成功"},
{"jsonPath":"$.result.functionStatusSet[0]","expected":"账户异常"}], extractRespData=, apiInfo=ApiInfo [apiId=理财子查询, apiName=理财子查询, url=http://m1.test-adm.weoa.com/rcs-ucsa/business/getAccountFromDepositCore, type=GET, headers=[{"name":"Content-Type","value":"application/json;charset=UTF-8"}], auth=null], beforeCheckerList=null, afterCheckerList=null, getRowNo()=6]]]>
              </value>
            </param>
          </params>
          <reporter-output>
          </reporter-output>
        </test-method> <!-- test_case -->
        <test-method status="PASS" signature="test_case(com.portal.base.pojo.ApiCaseDetail)[pri:0, instance:com.portal.base.testCase.All_Test_Case@ba8d91c]" name="test_case" duration-ms="32" started-at="2019-11-14T09:47:00Z" data-provider="getData" finished-at="2019-11-14T09:47:00Z">
          <params>
            <param index="0">
              <value>
                <![CDATA[ApiCaseDetail [caseId=后台login, apiId=后台管理登陆,describe=后台登陆-管理员, requestData={"id":"3","password":"Abcd@1234","architectId":0}, actualResp=, expectedRespKeyInfo=[{"jsonPath":"$.code","expected":"0"},
{"jsonPath":"$.msg","expected":"请求成功"}], extractRespData=, apiInfo=ApiInfo [apiId=后台管理登陆, apiName=后台管理登陆, url=http://f1.test-adm.weoa.com/rcs-ucsa-admin/staff/loginAdmin, type=POST, headers=[{"name":"Content-Type","value":"application/json;charset=UTF-8"}], auth=null], beforeCheckerList=null, afterCheckerList=null, getRowNo()=7]]]>
              </value>
            </param>
          </params>
          <reporter-output>
          </reporter-output>
        </test-method> <!-- test_case -->
        <test-method status="PASS" signature="test_case(com.portal.base.pojo.ApiCaseDetail)[pri:0, instance:com.portal.base.testCase.All_Test_Case@ba8d91c]" name="test_case" duration-ms="27" started-at="2019-11-14T09:47:00Z" data-provider="getData" finished-at="2019-11-14T09:47:00Z">
          <params>
            <param index="0">
              <value>
                <![CDATA[ApiCaseDetail [caseId=后台话务结果, apiId=查询话务记录,describe=话务记录查看当天的, requestData={"staffId":"3","architectId":1,"businessId":"1","startDate":1564990487000,"endDate":1564990487000,"serviceRole":"3","mainSessionId":"","channelTypeList":[3,5]}, actualResp=, expectedRespKeyInfo=[{"jsonPath":"$.code","expected":"0"},
{"jsonPath":"$.msg","expected":"请求成功"}], extractRespData=, apiInfo=ApiInfo [apiId=查询话务记录, apiName=查询话务记录, url=http://f1.test-adm.weoa.com//rcs-ucsa-admin/recording/getPhoneResults, type=POST, headers=[{"name":"Content-Type","value":"application/json;charset=UTF-8"}], auth=null], beforeCheckerList=null, afterCheckerList=null, getRowNo()=8]]]>
              </value>
            </param>
          </params>
          <reporter-output>
          </reporter-output>
        </test-method> <!-- test_case -->
        <test-method status="PASS" signature="test_case(com.portal.base.pojo.ApiCaseDetail)[pri:0, instance:com.portal.base.testCase.All_Test_Case@ba8d91c]" name="test_case" duration-ms="1265" started-at="2019-11-14T09:47:00Z" data-provider="getData" finished-at="2019-11-14T09:47:02Z">
          <params>
            <param index="0">
              <value>
                <![CDATA[ApiCaseDetail [caseId=客户信息, apiId=M1查询客户个人信息接口,describe=联合存-1
获取联合存的卡号信息
openid：写入查询的内容
提取出卡号 类似与案例1, requestData={"OPEN_ID":13847787459,"PRODUCT":"ALL","APP_TYPE":3,"REQ_DS":0}, actualResp=, expectedRespKeyInfo=[{"jsonPath":"$.code","expected":"0"},
{"jsonPath":"$.msg","expected":"请求成功"},
{"jsonPath":"$.result.personInfo.personalProducts[0].productCode","expected":"120002"}], extractRespData=[{"jsonPath":"$.result.personInfo.personalProducts[0].productAcct","paramName":"CARD_LHC"}], apiInfo=ApiInfo [apiId=M1查询客户个人信息接口, apiName=M1查询客户个人信息接口, url=http://m1.test-adm.weoa.com/rcs-ucsa/business/getAccount, type=GET, headers=[{"name":"Content-Type","value":"application/json;charset=UTF-8"}], auth=null], beforeCheckerList=null, afterCheckerList=null, getRowNo()=9]]]>
              </value>
            </param>
          </params>
          <reporter-output>
          </reporter-output>
        </test-method> <!-- test_case -->
        <test-method status="PASS" signature="test_case(com.portal.base.pojo.ApiCaseDetail)[pri:0, instance:com.portal.base.testCase.All_Test_Case@ba8d91c]" name="test_case" duration-ms="2451" started-at="2019-11-14T09:47:02Z" data-provider="getData" finished-at="2019-11-14T09:47:04Z">
          <params>
            <param index="0">
              <value>
                <![CDATA[ApiCaseDetail [caseId=客户信息, apiId=M1查询客户个人信息接口,describe=WE卡-1
获取联合存的卡号信息
openid：写入查询的内容
提取出卡号 类似与案例1, requestData={"OPEN_ID":17095330035,"PRODUCT":"ALL","APP_TYPE":3,"REQ_DS":0}, actualResp=, expectedRespKeyInfo=[{"jsonPath":"$.code","expected":"0"},
{"jsonPath":"$.msg","expected":"请求成功"},
{"jsonPath":"$.result.personInfo.personalProducts[11].productCode","expected":"101136"}], extractRespData=[{"jsonPath":"$.result.personInfo.personalProducts[11].productAcct","paramName":"CARD_WE"}], apiInfo=ApiInfo [apiId=M1查询客户个人信息接口, apiName=M1查询客户个人信息接口, url=http://m1.test-adm.weoa.com/rcs-ucsa/business/getAccount, type=GET, headers=[{"name":"Content-Type","value":"application/json;charset=UTF-8"}], auth=null], beforeCheckerList=null, afterCheckerList=null, getRowNo()=10]]]>
              </value>
            </param>
          </params>
          <reporter-output>
          </reporter-output>
        </test-method> <!-- test_case -->
        <test-method status="PASS" signature="test_case(com.portal.base.pojo.ApiCaseDetail)[pri:0, instance:com.portal.base.testCase.All_Test_Case@ba8d91c]" name="test_case" duration-ms="105" started-at="2019-11-14T09:47:04Z" data-provider="getData" finished-at="2019-11-14T09:47:04Z">
          <params>
            <param index="0">
              <value>
                <![CDATA[ApiCaseDetail [caseId=业务-WE卡, apiId=WE卡信息查询,describe=查询核对WE卡返回信息内容
1、卡号
2、卡片状态
3、客户状态
4、账户状态
5、开户时间, requestData={"CARD_NUMBER":6236330015300082792}, actualResp=, expectedRespKeyInfo=[{"jsonPath":"$.code","expected":"0"},
{"jsonPath":"$.msg","expected":"请求成功"},
{"jsonPath":"$.result.result.CARD_ATTR_DESC","expected":"正常"},
{"jsonPath":"$.result.result.ACCOUNT_ATTR_DESC","expected":"账户异常,证件信息异常,风险管控"},
{"jsonPath":"$.result.result.CUST_ATTR_DESC","expected":"账户异常"},
{"jsonPath":"$.result.result.OPENDATE","expected":"20181120"}], extractRespData=, apiInfo=ApiInfo [apiId=WE卡信息查询, apiName=WE卡信息查询, url=http://m1.test-adm.weoa.com/rcs-ucsa/weCard/getWeCard, type=POST, headers=[{"name":"Content-Type","value":"application/json;charset=UTF-8"}], auth=null], beforeCheckerList=null, afterCheckerList=null, getRowNo()=11]]]>
              </value>
            </param>
          </params>
          <reporter-output>
          </reporter-output>
        </test-method> <!-- test_case -->
        <test-method status="PASS" signature="afterSuite()[pri:0, instance:com.portal.base.testCase.All_Test_Case@ba8d91c]" name="afterSuite" is-config="true" duration-ms="1520" started-at="2019-11-14T09:47:04Z" finished-at="2019-11-14T09:47:06Z">
          <reporter-output>
          </reporter-output>
        </test-method> <!-- afterSuite -->
      </class> <!-- com.portal.base.testCase.All_Test_Case -->
    </test> <!-- all-test -->
  </suite> <!-- Suite -->
</testng-results>
